Determining if the pthread_create exist failed with the following output:
Change Dir: /home/eugeneseon/mybot_ws/build/CMakeFiles/CMakeTmp

Run Build Command:"/usr/bin/make" "cmTC_993db/fast"
/usr/bin/make -f CMakeFiles/cmTC_993db.dir/build.make CMakeFiles/cmTC_993db.dir/build
make[1]: Entering directory '/home/eugeneseon/mybot_ws/build/CMakeFiles/CMakeTmp'
Building C object CMakeFiles/cmTC_993db.dir/CheckSymbolExists.c.o
/usr/bin/cc     -o CMakeFiles/cmTC_993db.dir/CheckSymbolExists.c.o   -c /home/eugeneseon/mybot_ws/build/CMakeFiles/CMakeTmp/CheckSymbolExists.c
Linking C executable cmTC_993db
/usr/bin/cmake -E cmake_link_script CMakeFiles/cmTC_993db.dir/link.txt --verbose=1
/usr/bin/cc       CMakeFiles/cmTC_993db.dir/CheckSymbolExists.c.o  -o cmTC_993db -rdynamic 
CMakeFiles/cmTC_993db.dir/CheckSymbolExists.c.o: In function `main':
CheckSymbolExists.c:(.text+0x16): undefined reference to `pthread_create'
collect2: error: ld returned 1 exit status
CMakeFiles/cmTC_993db.dir/build.make:97: recipe for target 'cmTC_993db' failed
make[1]: *** [cmTC_993db] Error 1
make[1]: Leaving directory '/home/eugeneseon/mybot_ws/build/CMakeFiles/CMakeTmp'
Makefile:126: recipe for target 'cmTC_993db/fast' failed
make: *** [cmTC_993db/fast] Error 2

File /home/eugeneseon/mybot_ws/build/CMakeFiles/CMakeTmp/CheckSymbolExists.c:
/* */
#include <pthread.h>

int main(int argc, char** argv)
{
  (void)argv;
#ifndef pthread_create
  return ((int*)(&pthread_create))[argc];
#else
  (void)argc;
  return 0;
#endif
}

Determining if the function pthread_create exists in the pthreads failed with the following output:
Change Dir: /home/eugeneseon/mybot_ws/build/CMakeFiles/CMakeTmp

Run Build Command:"/usr/bin/make" "cmTC_00d2e/fast"
/usr/bin/make -f CMakeFiles/cmTC_00d2e.dir/build.make CMakeFiles/cmTC_00d2e.dir/build
make[1]: Entering directory '/home/eugeneseon/mybot_ws/build/CMakeFiles/CMakeTmp'
Building C object CMakeFiles/cmTC_00d2e.dir/CheckFunctionExists.c.o
/usr/bin/cc    -DCHECK_FUNCTION_EXISTS=pthread_create   -o CMakeFiles/cmTC_00d2e.dir/CheckFunctionExists.c.o   -c /usr/share/cmake-3.5/Modules/CheckFunctionExists.c
Linking C executable cmTC_00d2e
/usr/bin/cmake -E cmake_link_script CMakeFiles/cmTC_00d2e.dir/link.txt --verbose=1
/usr/bin/cc   -DCHECK_FUNCTION_EXISTS=pthread_create    CMakeFiles/cmTC_00d2e.dir/CheckFunctionExists.c.o  -o cmTC_00d2e -rdynamic -lpthreads 
/usr/bin/ld: cannot find -lpthreads
collect2: error: ld returned 1 exit status
CMakeFiles/cmTC_00d2e.dir/build.make:97: recipe for target 'cmTC_00d2e' failed
make[1]: *** [cmTC_00d2e] Error 1
make[1]: Leaving directory '/home/eugeneseon/mybot_ws/build/CMakeFiles/CMakeTmp'
Makefile:126: recipe for target 'cmTC_00d2e/fast' failed
make: *** [cmTC_00d2e/fast] Error 2


